[35m[Appium][39m Welcome to Appium v1.17.1
[35m[Appium][39m Non-default server args:
[35m[Appium][39m   port: 53104
[35m[Appium][39m   loglevel: info
[35m[Appium][39m   tmpDir: C:\Users\DS-AIN~1\AppData\Local\Temp\\Katalon\Appium\Temp1593165355201
[35m[Appium][39m   chromedriverPort: 53105
[35m[Appium][39m Deprecated server args:
[35m[Appium][39m   [31m--chromedriver-port[39m => --default-capabilities '{"chromedriverPort":53105}'
[35m[Appium][39m Default capabilities, which will be added to each request unless overridden by desired capabilities:
[35m[Appium][39m   chromedriverPort: 53105
[35m[Appium][39m Appium REST http interface listener started on 0.0.0.0:53104
[35m[HTTP][39m [37m-->[39m [37mGET[39m [37m/wd/hub/status[39m
[35m[HTTP][39m [90m{}[39m
[35m[HTTP][39m [37m<-- GET /wd/hub/status [39m[32m200[39m [90m4 ms - 68[39m
[35m[HTTP][39m [90m[39m
[35m[HTTP][39m [37m-->[39m [37mGET[39m [37m/wd/hub/status[39m
[35m[HTTP][39m [90m{}[39m
[35m[HTTP][39m [37m<-- GET /wd/hub/status [39m[32m200[39m [90m1 ms - 68[39m
[35m[HTTP][39m [90m[39m
[35m[HTTP][39m [37m-->[39m [37mPOST[39m [37m/wd/hub/session[39m
[35m[HTTP][39m [90m{"desiredCapabilities":{"app":"C:\\Users\\DS - AINO\\Katalon_Studio\\NiceDay\\APP\\niceday-coaching-therapie_1.1.9.apk","noReset":true,"deviceId":"H2AXGF01R796VZZ","deviceName":"asus ASUS_X008DA (Android 7.0)","fullReset":false,"platform":"ANDROID","newCommandTimeout":1800,"platformVersion":"7.0","automationName":"uiautomator2","autoGrantPermissions":true,"platformName":"Android","udid":"H2AXGF01R796VZZ","systemPort":53110},"capabilities":{"firstMatch":[{"appium:app":"C:\\Users\\DS - AINO\\Katalon_Studio\\NiceDay\\APP\\niceday-coaching-therapie_1.1.9.apk","appium:autoGrantPermissions":true,"appium:automationName":"uiautomator2","deviceId":"H2AXGF01R796VZZ","appium:deviceName":"asus ASUS_X008DA (Android 7.0)","appium:fullReset":false,"appium:newCommandTimeout":1800,"appium:noReset":true,"platform":"ANDROID","platformName":"android","appium:platformVersion":"7.0","appium:systemPort":53110,"appium:udid":"H2AXGF01R796VZZ"}]}}[39m
[35m[BaseDriver][39m The following capabilities are not standard capabilities and should have an extension prefix:
[35m[BaseDriver][39m   deviceId
[35m[BaseDriver][39m   platform
[35m[BaseDriver][39m   chromedriverPort
[35m[Appium][39m Appium v1.17.1 creating new AndroidUiautomator2Driver (v1.44.2) session
[35m[BaseDriver][39m The following capabilities were provided, but are not recognized by Appium:
[35m[BaseDriver][39m   deviceId
[35m[BaseDriver][39m   platform
[35m[BaseDriver][39m Session created with session id: 75cb70ea-59d4-434a-82e0-03258a158e60
[35m[BaseDriver][39m Using local app 'C:\Users\DS - AINO\Katalon_Studio\NiceDay\APP\niceday-coaching-therapie_1.1.9.apk'
[35m[ADB][39m Found 1 'build-tools' folders under 'C:\Users\DS - AINO\.katalon\tools\android_sdk' (newest first):
[35m[ADB][39m     C:/Users/DS - AINO/.katalon/tools/android_sdk/build-tools/29.0.3
[35m[ADB][39m Using 'adb.exe' from 'C:\Users\DS - AINO\.katalon\tools\android_sdk\platform-tools\adb.exe'
[35m[AndroidDriver][39m Retrieving device list
[35m[AndroidDriver][39m Using device: H2AXGF01R796VZZ
[35m[ADB][39m Using 'adb.exe' from 'C:\Users\DS - AINO\.katalon\tools\android_sdk\platform-tools\adb.exe'
[35m[ADB][39m Package name: 'nl.sense.goalie2'
[35m[ADB][39m Main activity name: 'nl.sense.goalie2.MainActivity'
[35m[ADB][39m Using 'apksigner.jar' from 'C:\Users\DS - AINO\.katalon\tools\android_sdk\build-tools\29.0.3\lib\apksigner.jar'
[35m[UiAutomator2][39m Server packages are not going to be (re)installed
[35m[UiAutomator2][39m Starting UIAutomator2 server 4.5.5
[35m[UiAutomator2][39m Using UIAutomator2 server from 'C:\Users\DS - AINO\AppData\Roaming\npm\node_modules\appium\node_modules\appium-uiautomator2-server\apks\appium-uiautomator2-server-v4.5.5.apk' and test from 'C:\Users\DS - AINO\AppData\Roaming\npm\node_modules\appium\node_modules\appium-uiautomator2-server\apks\appium-uiautomator2-server-debug-androidTest.apk'
[35m[UiAutomator2][39m Waiting up to 30000ms for UiAutomator2 to be online...
[35m[WD Proxy][39m Got response with unknown status: {"code":"ECONNRESET"}
[35m[WD Proxy][39m Got response with unknown status: {"code":"ECONNRESET"}
[35m[WD Proxy][39m Determined the downstream protocol as 'W3C'
[35m[AndroidDriver][39m Screen already unlocked, doing nothing
[35m[UiAutomator2][39m Starting 'nl.sense.goalie2/nl.sense.goalie2.MainActivity and waiting for 'nl.sense.goalie2/nl.sense.goalie2.MainActivity'
[35m[Appium][39m New AndroidUiautomator2Driver session created successfully, session 75cb70ea-59d4-434a-82e0-03258a158e60 added to master session list
[35m[HTTP][39m [37m<-- POST /wd/hub/session [39m[32m200[39m [90m14731 ms - 1397[39m
[35m[HTTP][39m [90m[39m
[35m[HTTP][39m [37m-->[39m [37mGET[39m [37m/wd/hub/session/75cb70ea-59d4-434a-82e0-03258a158e60[39m
[35m[HTTP][39m [90m{}[39m
[35m[HTTP][39m [37m<-- GET /wd/hub/session/75cb70ea-59d4-434a-82e0-03258a158e60 [39m[32m200[39m [90m15 ms - 1329[39m
[35m[HTTP][39m [90m[39m
[35m[HTTP][39m [37m-->[39m [37mGET[39m [37m/wd/hub/session/75cb70ea-59d4-434a-82e0-03258a158e60[39m
[35m[HTTP][39m [90m{}[39m
[35m[HTTP][39m [37m<-- GET /wd/hub/session/75cb70ea-59d4-434a-82e0-03258a158e60 [39m[32m200[39m [90m14 ms - 1329[39m
[35m[HTTP][39m [90m[39m
[35m[HTTP][39m [37m-->[39m [37mGET[39m [37m/wd/hub/status[39m
[35m[HTTP][39m [90m{}[39m
[35m[HTTP][39m [37m<-- GET /wd/hub/status [39m[32m200[39m [90m3 ms - 68[39m
[35m[HTTP][39m [90m[39m
[35m[HTTP][39m [37m-->[39m [37mPOST[39m [37m/wd/hub/session/75cb70ea-59d4-434a-82e0-03258a158e60/timeouts[39m
[35m[HTTP][39m [90m{"implicit":60000}[39m
[35m[HTTP][39m [37m<-- POST /wd/hub/session/75cb70ea-59d4-434a-82e0-03258a158e60/timeouts [39m[32m200[39m [90m6 ms - 14[39m
[35m[HTTP][39m [90m[39m
[35m[HTTP][39m [37m-->[39m [37mGET[39m [37m/wd/hub/session/75cb70ea-59d4-434a-82e0-03258a158e60/source[39m
[35m[HTTP][39m [90m{}[39m
[35m[W3C (75cb70ea)][39m Driver proxy active, passing request on via HTTP proxy
[35m[WD Proxy][39m Replacing sessionId 36b24e6d-d07c-4ee7-b407-9f24de03edcb with 75cb70ea-59d4-434a-82e0-03258a158e60
[35m[HTTP][39m [37m<-- GET /wd/hub/session/75cb70ea-59d4-434a-82e0-03258a158e60/source [39m[32m200[39m [90m87 ms - 2741[39m
[35m[HTTP][39m [90m[39m
[35m[HTTP][39m [37m-->[39m [37mGET[39m [37m/wd/hub/session/75cb70ea-59d4-434a-82e0-03258a158e60/screenshot[39m
[35m[HTTP][39m [90m{}[39m
[35m[HTTP][39m [37m<-- GET /wd/hub/session/75cb70ea-59d4-434a-82e0-03258a158e60/screenshot [39m[32m200[39m [90m578 ms - 28712[39m
[35m[HTTP][39m [90m[39m
[35m[HTTP][39m [37m-->[39m [37mGET[39m [37m/wd/hub/session/75cb70ea-59d4-434a-82e0-03258a158e60/source[39m
[35m[HTTP][39m [90m{}[39m
[35m[W3C (75cb70ea)][39m Driver proxy active, passing request on via HTTP proxy
[35m[WD Proxy][39m Replacing sessionId 36b24e6d-d07c-4ee7-b407-9f24de03edcb with 75cb70ea-59d4-434a-82e0-03258a158e60
[35m[HTTP][39m [37m<-- GET /wd/hub/session/75cb70ea-59d4-434a-82e0-03258a158e60/source [39m[32m200[39m [90m220 ms - 11106[39m
[35m[HTTP][39m [90m[39m
[35m[HTTP][39m [37m-->[39m [37mGET[39m [37m/wd/hub/session/75cb70ea-59d4-434a-82e0-03258a158e60/screenshot[39m
[35m[HTTP][39m [90m{}[39m
[35m[HTTP][39m [37m<-- GET /wd/hub/session/75cb70ea-59d4-434a-82e0-03258a158e60/screenshot [39m[32m200[39m [90m602 ms - 104172[39m
[35m[HTTP][39m [90m[39m
[35m[HTTP][39m [37m-->[39m [37mGET[39m [37m/wd/hub/session/75cb70ea-59d4-434a-82e0-03258a158e60/window/rect[39m
[35m[HTTP][39m [90m{}[39m
[35m[HTTP][39m [37m<-- GET /wd/hub/session/75cb70ea-59d4-434a-82e0-03258a158e60/window/rect [39m[32m200[39m [90m20 ms - 49[39m
[35m[HTTP][39m [90m[39m
[35m[HTTP][39m [37m-->[39m [37mPOST[39m [37m/wd/hub/session/75cb70ea-59d4-434a-82e0-03258a158e60/elements[39m
[35m[HTTP][39m [90m{"using":"xpath","value":"//hierarchy/android.widget.FrameLayout[1]/android.widget.LinearLayout[1]/android.widget.FrameLayout[1]/android.widget.LinearLayout[1]/android.widget.FrameLayout[1]/android.widget.FrameLayout[1]/android.view.ViewGroup[1]/android.view.ViewGroup[1]/android.view.ViewGroup[1]/android.view.ViewGroup[1]/android.view.ViewGroup[8]/android.widget.TextView[1]"}[39m
[35m[HTTP][39m [37m<-- POST /wd/hub/session/75cb70ea-59d4-434a-82e0-03258a158e60/elements [39m[32m200[39m [90m427 ms - 139[39m
[35m[HTTP][39m [90m[39m
[35m[HTTP][39m [37m-->[39m [37mGET[39m [37m/wd/hub/session/75cb70ea-59d4-434a-82e0-03258a158e60/element/2aae5d1f-cc02-4714-bb86-d5aab5dabfca/location[39m
[35m[HTTP][39m [90m{}[39m
[35m[W3C (75cb70ea)][39m Driver proxy active, passing request on via HTTP proxy
[35m[WD Proxy][39m Replacing sessionId 36b24e6d-d07c-4ee7-b407-9f24de03edcb with 75cb70ea-59d4-434a-82e0-03258a158e60
[35m[HTTP][39m [37m<-- GET /wd/hub/session/75cb70ea-59d4-434a-82e0-03258a158e60/element/2aae5d1f-cc02-4714-bb86-d5aab5dabfca/location [39m[32m200[39m [90m36 ms - 79[39m
[35m[HTTP][39m [90m[39m
[35m[HTTP][39m [37m-->[39m [37mPOST[39m [37m/wd/hub/session/75cb70ea-59d4-434a-82e0-03258a158e60/touch/perform[39m
[35m[HTTP][39m [90m{"actions":[{"action":"tap","options":{"x":1,"y":1,"element":"2aae5d1f-cc02-4714-bb86-d5aab5dabfca"}}]}[39m
[35m[UiAutomator2][39m calling get location: 2aae5d1f-cc02-4714-bb86-d5aab5dabfca
[35m[HTTP][39m [37m<-- POST /wd/hub/session/75cb70ea-59d4-434a-82e0-03258a158e60/touch/perform [39m[32m200[39m [90m78 ms - 14[39m
[35m[HTTP][39m [90m[39m
[35m[HTTP][39m [37m-->[39m [37mGET[39m [37m/wd/hub/session/75cb70ea-59d4-434a-82e0-03258a158e60/source[39m
[35m[HTTP][39m [90m{}[39m
[35m[W3C (75cb70ea)][39m Driver proxy active, passing request on via HTTP proxy
[35m[WD Proxy][39m Replacing sessionId 36b24e6d-d07c-4ee7-b407-9f24de03edcb with 75cb70ea-59d4-434a-82e0-03258a158e60
[35m[HTTP][39m [37m<-- GET /wd/hub/session/75cb70ea-59d4-434a-82e0-03258a158e60/source [39m[32m200[39m [90m431 ms - 8684[39m
[35m[HTTP][39m [90m[39m
[35m[HTTP][39m [37m-->[39m [37mGET[39m [37m/wd/hub/session/75cb70ea-59d4-434a-82e0-03258a158e60/screenshot[39m
[35m[HTTP][39m [90m{}[39m
[35m[HTTP][39m [37m<-- GET /wd/hub/session/75cb70ea-59d4-434a-82e0-03258a158e60/screenshot [39m[32m200[39m [90m548 ms - 106310[39m
[35m[HTTP][39m [90m[39m
[35m[HTTP][39m [37m-->[39m [37mGET[39m [37m/wd/hub/session/75cb70ea-59d4-434a-82e0-03258a158e60/window/rect[39m
[35m[HTTP][39m [90m{}[39m
[35m[HTTP][39m [37m<-- GET /wd/hub/session/75cb70ea-59d4-434a-82e0-03258a158e60/window/rect [39m[32m200[39m [90m27 ms - 49[39m
[35m[HTTP][39m [90m[39m
[35m[HTTP][39m [37m-->[39m [37mPOST[39m [37m/wd/hub/session/75cb70ea-59d4-434a-82e0-03258a158e60/elements[39m
[35m[HTTP][39m [90m{"using":"xpath","value":"//hierarchy/android.widget.FrameLayout[1]/android.widget.LinearLayout[1]/android.widget.FrameLayout[1]/android.widget.LinearLayout[1]/android.widget.FrameLayout[1]/android.widget.FrameLayout[1]/android.view.ViewGroup[1]/android.view.ViewGroup[1]/android.view.ViewGroup[1]/android.view.ViewGroup[1]/android.view.ViewGroup[4]/android.widget.TextView[1]"}[39m
[35m[HTTP][39m [37m<-- POST /wd/hub/session/75cb70ea-59d4-434a-82e0-03258a158e60/elements [39m[32m200[39m [90m203 ms - 139[39m
[35m[HTTP][39m [90m[39m
[35m[HTTP][39m [37m-->[39m [37mGET[39m [37m/wd/hub/session/75cb70ea-59d4-434a-82e0-03258a158e60/element/cd060f9f-af1e-440e-9957-2cdc1ce6c965/location[39m
[35m[HTTP][39m [90m{}[39m
[35m[W3C (75cb70ea)][39m Driver proxy active, passing request on via HTTP proxy
[35m[WD Proxy][39m Replacing sessionId 36b24e6d-d07c-4ee7-b407-9f24de03edcb with 75cb70ea-59d4-434a-82e0-03258a158e60
[35m[HTTP][39m [37m<-- GET /wd/hub/session/75cb70ea-59d4-434a-82e0-03258a158e60/element/cd060f9f-af1e-440e-9957-2cdc1ce6c965/location [39m[32m200[39m [90m18 ms - 79[39m
[35m[HTTP][39m [90m[39m
[35m[HTTP][39m [37m-->[39m [37mPOST[39m [37m/wd/hub/session/75cb70ea-59d4-434a-82e0-03258a158e60/touch/perform[39m
[35m[HTTP][39m [90m{"actions":[{"action":"tap","options":{"x":1,"y":1,"element":"cd060f9f-af1e-440e-9957-2cdc1ce6c965"}}]}[39m
[35m[UiAutomator2][39m calling get location: cd060f9f-af1e-440e-9957-2cdc1ce6c965
[35m[HTTP][39m [37m<-- POST /wd/hub/session/75cb70ea-59d4-434a-82e0-03258a158e60/touch/perform [39m[32m200[39m [90m52 ms - 14[39m
[35m[HTTP][39m [90m[39m
[35m[HTTP][39m [37m-->[39m [37mGET[39m [37m/wd/hub/session/75cb70ea-59d4-434a-82e0-03258a158e60/source[39m
[35m[HTTP][39m [90m{}[39m
[35m[W3C (75cb70ea)][39m Driver proxy active, passing request on via HTTP proxy
[35m[WD Proxy][39m Replacing sessionId 36b24e6d-d07c-4ee7-b407-9f24de03edcb with 75cb70ea-59d4-434a-82e0-03258a158e60
[35m[HTTP][39m [37m<-- GET /wd/hub/session/75cb70ea-59d4-434a-82e0-03258a158e60/source [39m[32m200[39m [90m314 ms - 8624[39m
[35m[HTTP][39m [90m[39m
[35m[HTTP][39m [37m-->[39m [37mGET[39m [37m/wd/hub/session/75cb70ea-59d4-434a-82e0-03258a158e60/screenshot[39m
[35m[HTTP][39m [90m{}[39m
[35m[HTTP][39m [37m<-- GET /wd/hub/session/75cb70ea-59d4-434a-82e0-03258a158e60/screenshot [39m[32m200[39m [90m551 ms - 111488[39m
[35m[HTTP][39m [90m[39m
[35m[HTTP][39m [37m-->[39m [37mGET[39m [37m/wd/hub/session/75cb70ea-59d4-434a-82e0-03258a158e60/window/rect[39m
[35m[HTTP][39m [90m{}[39m
[35m[HTTP][39m [37m<-- GET /wd/hub/session/75cb70ea-59d4-434a-82e0-03258a158e60/window/rect [39m[32m200[39m [90m20 ms - 49[39m
[35m[HTTP][39m [90m[39m
[35m[HTTP][39m [37m-->[39m [37mPOST[39m [37m/wd/hub/session/75cb70ea-59d4-434a-82e0-03258a158e60/elements[39m
[35m[HTTP][39m [90m{"using":"xpath","value":"//hierarchy/android.widget.FrameLayout[1]/android.widget.LinearLayout[1]/android.widget.FrameLayout[1]/android.widget.LinearLayout[1]/android.widget.FrameLayout[1]/android.widget.FrameLayout[1]/android.view.ViewGroup[1]/android.view.ViewGroup[1]/android.view.ViewGroup[1]/android.view.ViewGroup[1]/android.view.ViewGroup[4]/android.widget.TextView[1]"}[39m
[35m[HTTP][39m [37m<-- POST /wd/hub/session/75cb70ea-59d4-434a-82e0-03258a158e60/elements [39m[32m200[39m [90m205 ms - 139[39m
[35m[HTTP][39m [90m[39m
[35m[HTTP][39m [37m-->[39m [37mGET[39m [37m/wd/hub/session/75cb70ea-59d4-434a-82e0-03258a158e60/element/d4c525fe-a508-4243-9363-6775cdc0f9da/location[39m
[35m[HTTP][39m [90m{}[39m
[35m[W3C (75cb70ea)][39m Driver proxy active, passing request on via HTTP proxy
[35m[WD Proxy][39m Replacing sessionId 36b24e6d-d07c-4ee7-b407-9f24de03edcb with 75cb70ea-59d4-434a-82e0-03258a158e60
[35m[HTTP][39m [37m<-- GET /wd/hub/session/75cb70ea-59d4-434a-82e0-03258a158e60/element/d4c525fe-a508-4243-9363-6775cdc0f9da/location [39m[32m200[39m [90m28 ms - 79[39m
[35m[HTTP][39m [90m[39m
[35m[HTTP][39m [37m-->[39m [37mPOST[39m [37m/wd/hub/session/75cb70ea-59d4-434a-82e0-03258a158e60/touch/perform[39m
[35m[HTTP][39m [90m{"actions":[{"action":"tap","options":{"x":1,"y":1,"element":"d4c525fe-a508-4243-9363-6775cdc0f9da"}}]}[39m
[35m[UiAutomator2][39m calling get location: d4c525fe-a508-4243-9363-6775cdc0f9da
[35m[HTTP][39m [37m<-- POST /wd/hub/session/75cb70ea-59d4-434a-82e0-03258a158e60/touch/perform [39m[32m200[39m [90m55 ms - 14[39m
[35m[HTTP][39m [90m[39m
[35m[HTTP][39m [37m-->[39m [37mGET[39m [37m/wd/hub/session/75cb70ea-59d4-434a-82e0-03258a158e60/source[39m
[35m[HTTP][39m [90m{}[39m
[35m[W3C (75cb70ea)][39m Driver proxy active, passing request on via HTTP proxy
[35m[WD Proxy][39m Replacing sessionId 36b24e6d-d07c-4ee7-b407-9f24de03edcb with 75cb70ea-59d4-434a-82e0-03258a158e60
[35m[HTTP][39m [37m<-- GET /wd/hub/session/75cb70ea-59d4-434a-82e0-03258a158e60/source [39m[32m200[39m [90m1213 ms - 13789[39m
[35m[HTTP][39m [90m[39m
[35m[HTTP][39m [37m-->[39m [37mGET[39m [37m/wd/hub/session/75cb70ea-59d4-434a-82e0-03258a158e60/screenshot[39m
[35m[HTTP][39m [90m{}[39m
[35m[HTTP][39m [37m<-- GET /wd/hub/session/75cb70ea-59d4-434a-82e0-03258a158e60/screenshot [39m[32m200[39m [90m587 ms - 151870[39m
[35m[HTTP][39m [90m[39m
[35m[HTTP][39m [37m-->[39m [37mGET[39m [37m/wd/hub/session/75cb70ea-59d4-434a-82e0-03258a158e60/window/rect[39m
[35m[HTTP][39m [90m{}[39m
[35m[HTTP][39m [37m<-- GET /wd/hub/session/75cb70ea-59d4-434a-82e0-03258a158e60/window/rect [39m[32m200[39m [90m24 ms - 49[39m
[35m[HTTP][39m [90m[39m
[35m[HTTP][39m [37m-->[39m [37mPOST[39m [37m/wd/hub/session/75cb70ea-59d4-434a-82e0-03258a158e60/elements[39m
[35m[HTTP][39m [90m{"using":"xpath","value":"//hierarchy/android.widget.FrameLayout[1]/android.widget.LinearLayout[1]/android.widget.FrameLayout[1]/android.widget.LinearLayout[1]/android.widget.FrameLayout[1]/android.widget.FrameLayout[1]/android.view.ViewGroup[1]/android.view.ViewGroup[1]/android.view.ViewGroup[1]/android.view.ViewGroup[1]/android.view.ViewGroup[1]/android.view.ViewGroup[1]/android.view.ViewGroup[1]/android.view.ViewGroup[1]/android.widget.ScrollView[1]/android.view.ViewGroup[1]/android.view.ViewGroup[2]"}[39m
[35m[HTTP][39m [37m<-- POST /wd/hub/session/75cb70ea-59d4-434a-82e0-03258a158e60/elements [39m[32m200[39m [90m238 ms - 139[39m
[35m[HTTP][39m [90m[39m
[35m[HTTP][39m [37m-->[39m [37mGET[39m [37m/wd/hub/session/75cb70ea-59d4-434a-82e0-03258a158e60/element/3145bf24-32f7-450f-a964-d37f44fb822d/location[39m
[35m[HTTP][39m [90m{}[39m
[35m[W3C (75cb70ea)][39m Driver proxy active, passing request on via HTTP proxy
[35m[WD Proxy][39m Replacing sessionId 36b24e6d-d07c-4ee7-b407-9f24de03edcb with 75cb70ea-59d4-434a-82e0-03258a158e60
[35m[HTTP][39m [37m<-- GET /wd/hub/session/75cb70ea-59d4-434a-82e0-03258a158e60/element/3145bf24-32f7-450f-a964-d37f44fb822d/location [39m[32m200[39m [90m26 ms - 77[39m
[35m[HTTP][39m [90m[39m
[35m[HTTP][39m [37m-->[39m [37mPOST[39m [37m/wd/hub/session/75cb70ea-59d4-434a-82e0-03258a158e60/touch/perform[39m
[35m[HTTP][39m [90m{"actions":[{"action":"tap","options":{"x":1,"y":1,"element":"3145bf24-32f7-450f-a964-d37f44fb822d"}}]}[39m
[35m[UiAutomator2][39m calling get location: 3145bf24-32f7-450f-a964-d37f44fb822d
[35m[HTTP][39m [37m<-- POST /wd/hub/session/75cb70ea-59d4-434a-82e0-03258a158e60/touch/perform [39m[32m200[39m [90m65 ms - 14[39m
[35m[HTTP][39m [90m[39m
[35m[HTTP][39m [37m-->[39m [37mGET[39m [37m/wd/hub/session/75cb70ea-59d4-434a-82e0-03258a158e60/source[39m
[35m[HTTP][39m [90m{}[39m
[35m[W3C (75cb70ea)][39m Driver proxy active, passing request on via HTTP proxy
[35m[WD Proxy][39m Replacing sessionId 36b24e6d-d07c-4ee7-b407-9f24de03edcb with 75cb70ea-59d4-434a-82e0-03258a158e60
[35m[HTTP][39m [37m<-- GET /wd/hub/session/75cb70ea-59d4-434a-82e0-03258a158e60/source [39m[32m200[39m [90m599 ms - 13735[39m
[35m[HTTP][39m [90m[39m
[35m[HTTP][39m [37m-->[39m [37mGET[39m [37m/wd/hub/session/75cb70ea-59d4-434a-82e0-03258a158e60/screenshot[39m
[35m[HTTP][39m [90m{}[39m
[35m[HTTP][39m [37m<-- GET /wd/hub/session/75cb70ea-59d4-434a-82e0-03258a158e60/screenshot [39m[32m200[39m [90m588 ms - 145130[39m
[35m[HTTP][39m [90m[39m
[35m[HTTP][39m [37m-->[39m [37mGET[39m [37m/wd/hub/session/75cb70ea-59d4-434a-82e0-03258a158e60/window/rect[39m
[35m[HTTP][39m [90m{}[39m
[35m[HTTP][39m [37m<-- GET /wd/hub/session/75cb70ea-59d4-434a-82e0-03258a158e60/window/rect [39m[32m200[39m [90m18 ms - 49[39m
[35m[HTTP][39m [90m[39m
[35m[HTTP][39m [37m-->[39m [37mPOST[39m [37m/wd/hub/session/75cb70ea-59d4-434a-82e0-03258a158e60/elements[39m
[35m[HTTP][39m [90m{"using":"xpath","value":"//hierarchy/android.widget.FrameLayout[1]/android.widget.LinearLayout[1]/android.widget.FrameLayout[1]/android.widget.LinearLayout[1]/android.widget.FrameLayout[1]/android.widget.FrameLayout[1]/android.view.ViewGroup[1]/android.view.ViewGroup[1]/android.view.ViewGroup[1]/android.view.ViewGroup[1]/android.view.ViewGroup[1]/android.view.ViewGroup[1]/android.view.ViewGroup[1]/android.view.ViewGroup[1]/android.widget.ScrollView[1]/android.view.ViewGroup[1]/android.view.ViewGroup[2]/android.view.ViewGroup[1]/android.widget.TextView[1]"}[39m
[35m[HTTP][39m [37m<-- POST /wd/hub/session/75cb70ea-59d4-434a-82e0-03258a158e60/elements [39m[32m200[39m [90m233 ms - 139[39m
[35m[HTTP][39m [90m[39m
[35m[HTTP][39m [37m-->[39m [37mGET[39m [37m/wd/hub/session/75cb70ea-59d4-434a-82e0-03258a158e60/element/66e13c1d-7466-4370-b90e-aaade5079df5/location[39m
[35m[HTTP][39m [90m{}[39m
[35m[W3C (75cb70ea)][39m Driver proxy active, passing request on via HTTP proxy
[35m[WD Proxy][39m Replacing sessionId 36b24e6d-d07c-4ee7-b407-9f24de03edcb with 75cb70ea-59d4-434a-82e0-03258a158e60
[35m[HTTP][39m [37m<-- GET /wd/hub/session/75cb70ea-59d4-434a-82e0-03258a158e60/element/66e13c1d-7466-4370-b90e-aaade5079df5/location [39m[32m200[39m [90m22 ms - 79[39m
[35m[HTTP][39m [90m[39m
[35m[HTTP][39m [37m-->[39m [37mPOST[39m [37m/wd/hub/session/75cb70ea-59d4-434a-82e0-03258a158e60/touch/perform[39m
[35m[HTTP][39m [90m{"actions":[{"action":"tap","options":{"x":1,"y":1,"element":"66e13c1d-7466-4370-b90e-aaade5079df5"}}]}[39m
[35m[UiAutomator2][39m calling get location: 66e13c1d-7466-4370-b90e-aaade5079df5
[35m[HTTP][39m [37m<-- POST /wd/hub/session/75cb70ea-59d4-434a-82e0-03258a158e60/touch/perform [39m[32m200[39m [90m66 ms - 14[39m
[35m[HTTP][39m [90m[39m
[35m[HTTP][39m [37m-->[39m [37mGET[39m [37m/wd/hub/session/75cb70ea-59d4-434a-82e0-03258a158e60/source[39m
[35m[HTTP][39m [90m{}[39m
[35m[W3C (75cb70ea)][39m Driver proxy active, passing request on via HTTP proxy
[35m[WD Proxy][39m Replacing sessionId 36b24e6d-d07c-4ee7-b407-9f24de03edcb with 75cb70ea-59d4-434a-82e0-03258a158e60
[35m[HTTP][39m [37m<-- GET /wd/hub/session/75cb70ea-59d4-434a-82e0-03258a158e60/source [39m[32m200[39m [90m507 ms - 8647[39m
[35m[HTTP][39m [90m[39m
[35m[HTTP][39m [37m-->[39m [37mGET[39m [37m/wd/hub/session/75cb70ea-59d4-434a-82e0-03258a158e60/screenshot[39m
[35m[HTTP][39m [90m{}[39m
[35m[HTTP][39m [37m<-- GET /wd/hub/session/75cb70ea-59d4-434a-82e0-03258a158e60/screenshot [39m[32m200[39m [90m603 ms - 94554[39m
[35m[HTTP][39m [90m[39m
[35m[HTTP][39m [37m-->[39m [37mGET[39m [37m/wd/hub/session/75cb70ea-59d4-434a-82e0-03258a158e60/source[39m
[35m[HTTP][39m [90m{}[39m
[35m[W3C (75cb70ea)][39m Driver proxy active, passing request on via HTTP proxy
[35m[WD Proxy][39m Replacing sessionId 36b24e6d-d07c-4ee7-b407-9f24de03edcb with 75cb70ea-59d4-434a-82e0-03258a158e60
[35m[HTTP][39m [37m<-- GET /wd/hub/session/75cb70ea-59d4-434a-82e0-03258a158e60/source [39m[32m200[39m [90m397 ms - 32918[39m
[35m[HTTP][39m [90m[39m
[35m[HTTP][39m [37m-->[39m [37mGET[39m [37m/wd/hub/session/75cb70ea-59d4-434a-82e0-03258a158e60/screenshot[39m
[35m[HTTP][39m [90m{}[39m
[35m[HTTP][39m [37m<-- GET /wd/hub/session/75cb70ea-59d4-434a-82e0-03258a158e60/screenshot [39m[32m200[39m [90m623 ms - 106098[39m
[35m[HTTP][39m [90m[39m
[35m[HTTP][39m [37m-->[39m [37mGET[39m [37m/wd/hub/session/75cb70ea-59d4-434a-82e0-03258a158e60/window/rect[39m
[35m[HTTP][39m [90m{}[39m
[35m[HTTP][39m [37m<-- GET /wd/hub/session/75cb70ea-59d4-434a-82e0-03258a158e60/window/rect [39m[32m200[39m [90m15 ms - 49[39m
[35m[HTTP][39m [90m[39m
[35m[HTTP][39m [37m-->[39m [37mPOST[39m [37m/wd/hub/session/75cb70ea-59d4-434a-82e0-03258a158e60/elements[39m
[35m[HTTP][39m [90m{"using":"xpath","value":"//hierarchy/android.widget.FrameLayout[1]/android.widget.LinearLayout[1]/android.widget.FrameLayout[1]/android.widget.LinearLayout[1]/android.widget.FrameLayout[1]/android.widget.FrameLayout[1]/android.view.ViewGroup[1]/android.view.ViewGroup[2]/android.view.ViewGroup[1]/android.view.ViewGroup[1]/android.view.ViewGroup[1]/android.view.ViewGroup[1]/android.view.ViewGroup[1]/android.view.ViewGroup[1]/android.view.ViewGroup[3]/android.widget.EditText[1]"}[39m
[35m[HTTP][39m [37m<-- POST /wd/hub/session/75cb70ea-59d4-434a-82e0-03258a158e60/elements [39m[32m200[39m [90m431 ms - 139[39m
[35m[HTTP][39m [90m[39m
[35m[HTTP][39m [37m-->[39m [37mGET[39m [37m/wd/hub/session/75cb70ea-59d4-434a-82e0-03258a158e60/element/3f911b37-3896-4143-aa78-bce8b6c4b74d/location[39m
[35m[HTTP][39m [90m{}[39m
[35m[W3C (75cb70ea)][39m Driver proxy active, passing request on via HTTP proxy
[35m[WD Proxy][39m Replacing sessionId 36b24e6d-d07c-4ee7-b407-9f24de03edcb with 75cb70ea-59d4-434a-82e0-03258a158e60
[35m[HTTP][39m [37m<-- GET /wd/hub/session/75cb70ea-59d4-434a-82e0-03258a158e60/element/3f911b37-3896-4143-aa78-bce8b6c4b74d/location [39m[32m200[39m [90m28 ms - 78[39m
[35m[HTTP][39m [90m[39m
[35m[HTTP][39m [37m-->[39m [37mPOST[39m [37m/wd/hub/session/75cb70ea-59d4-434a-82e0-03258a158e60/element/3f911b37-3896-4143-aa78-bce8b6c4b74d/clear[39m
[35m[HTTP][39m [90m{"id":"3f911b37-3896-4143-aa78-bce8b6c4b74d"}[39m
[35m[HTTP][39m [37m<-- POST /wd/hub/session/75cb70ea-59d4-434a-82e0-03258a158e60/element/3f911b37-3896-4143-aa78-bce8b6c4b74d/clear [39m[32m200[39m [90m43 ms - 14[39m
[35m[HTTP][39m [90m[39m
[35m[HTTP][39m [37m-->[39m [37mPOST[39m [37m/wd/hub/session/75cb70ea-59d4-434a-82e0-03258a158e60/element/3f911b37-3896-4143-aa78-bce8b6c4b74d/value[39m
[35m[HTTP][39m [90m{"id":"3f911b37-3896-4143-aa78-bce8b6c4b74d","text":"kurnia therapist","value":["k","u","r","n","i","a"," ","t","h","e","r","a","p","i","s","t"]}[39m
[35m[HTTP][39m [37m<-- POST /wd/hub/session/75cb70ea-59d4-434a-82e0-03258a158e60/element/3f911b37-3896-4143-aa78-bce8b6c4b74d/value [39m[32m200[39m [90m1046 ms - 14[39m
[35m[HTTP][39m [90m[39m
[35m[HTTP][39m [37m-->[39m [37mGET[39m [37m/wd/hub/session/75cb70ea-59d4-434a-82e0-03258a158e60/source[39m
[35m[HTTP][39m [90m{}[39m
[35m[W3C (75cb70ea)][39m Driver proxy active, passing request on via HTTP proxy
[35m[WD Proxy][39m Replacing sessionId 36b24e6d-d07c-4ee7-b407-9f24de03edcb with 75cb70ea-59d4-434a-82e0-03258a158e60
[35m[HTTP][39m [37m<-- GET /wd/hub/session/75cb70ea-59d4-434a-82e0-03258a158e60/source [39m[32m200[39m [90m1130 ms - 34120[39m
[35m[HTTP][39m [90m[39m
[35m[HTTP][39m [37m-->[39m [37mGET[39m [37m/wd/hub/session/75cb70ea-59d4-434a-82e0-03258a158e60/screenshot[39m
[35m[HTTP][39m [90m{}[39m
[35m[HTTP][39m [37m<-- GET /wd/hub/session/75cb70ea-59d4-434a-82e0-03258a158e60/screenshot [39m[32m200[39m [90m686 ms - 50942[39m
[35m[HTTP][39m [90m[39m
[35m[HTTP][39m [37m-->[39m [37mDELETE[39m [37m/wd/hub/session/75cb70ea-59d4-434a-82e0-03258a158e60[39m
[35m[HTTP][39m [90m{}[39m
[35m[Appium][39m Removing session 75cb70ea-59d4-434a-82e0-03258a158e60 from our master session list
[35m[HTTP][39m [37m<-- DELETE /wd/hub/session/75cb70ea-59d4-434a-82e0-03258a158e60 [39m[32m200[39m [90m1642 ms - 14[39m
[35m[HTTP][39m [90m[39m
